<?xml version="1.0" encoding="UTF-8"?>
<!-- Generated by org.testng.reporters.JUnitXMLReporter -->
<testsuite hostname="DESKTOP-HA42MEA" failures="0" tests="3" name="Default test" time="64.565" errors="0" timestamp="6 Jul 2021 08:04:02 GMT">
  <testcase classname="com.hrms.testscript.TC001" name="tc001" time="6.517"/>
  <testcase classname="com.hrms.testscript.TC002" name="tc002" time="17.36"/>
  <testcase classname="com.hrms.testscript.TC003" name="tc003" time="40.672"/>
</testsuite> <!-- Default test -->
