<?xml version="1.0" encoding="UTF-8"?>
<!-- Generated by org.testng.reporters.JUnitXMLReporter -->
<testsuite hostname="DESKTOP-HA42MEA" failures="0" tests="3" name="Nopackage" time="61.604" errors="0" timestamp="2 Jul 2021 14:51:22 GMT">
  <testcase classname="com.hrms.testscript.TC001" name="tc001" time="6.634"/>
  <testcase classname="com.hrms.testscript.TC002" name="tc002" time="15.793"/>
  <testcase classname="com.hrms.testscript.TC003" name="tc003" time="39.157"/>
</testsuite> <!-- Nopackage -->
