<?xml version="1.0" encoding="UTF-8"?>
<testng-results total="3" passed="3" failed="0" skipped="0">
  <reporter-output>
    <line>
      <![CDATA[Browser Opened]]>
    </line>
    <line>
      <![CDATA[Application Closed]]>
    </line>
    <line>
      <![CDATA[Browser Opened]]>
    </line>
    <line>
      <![CDATA[Application Closed]]>
    </line>
    <line>
      <![CDATA[Browser Opened]]>
    </line>
    <line>
      <![CDATA[Application Closed]]>
    </line>
  </reporter-output>
  <suite started-at="2021-07-06T08:02:57Z" name="Default suite" finished-at="2021-07-06T08:04:02Z" duration-ms="64565">
    <groups>
    </groups>
    <test started-at="2021-07-06T08:02:57Z" name="Default test" finished-at="2021-07-06T08:04:02Z" duration-ms="64565">
      <class name="com.hrms.testscript.TC001">
        <test-method signature="tc001()[pri:0, instance:com.hrms.testscript.TC001@6295d394]" started-at="2021-07-06T13:32:57Z" name="tc001" finished-at="2021-07-06T13:33:04Z" duration-ms="6517" status="PASS">
          <reporter-output>
            <line>
              <![CDATA[Browser Opened]]>
            </line>
            <line>
              <![CDATA[Application Closed]]>
            </line>
          </reporter-output>
        </test-method> <!-- tc001 -->
      </class> <!-- com.hrms.testscript.TC001 -->
      <class name="com.hrms.testscript.TC002">
        <test-method signature="tc002()[pri:0, instance:com.hrms.testscript.TC002@143640d5]" started-at="2021-07-06T13:33:04Z" name="tc002" finished-at="2021-07-06T13:33:21Z" duration-ms="17360" status="PASS">
          <reporter-output>
            <line>
              <![CDATA[Browser Opened]]>
            </line>
            <line>
              <![CDATA[Application Closed]]>
            </line>
          </reporter-output>
        </test-method> <!-- tc002 -->
      </class> <!-- com.hrms.testscript.TC002 -->
      <class name="com.hrms.testscript.TC003">
        <test-method signature="tc003()[pri:0, instance:com.hrms.testscript.TC003@23282c25]" started-at="2021-07-06T13:33:21Z" name="tc003" finished-at="2021-07-06T13:34:02Z" duration-ms="40672" status="PASS">
          <reporter-output>
            <line>
              <![CDATA[Browser Opened]]>
            </line>
            <line>
              <![CDATA[Application Closed]]>
            </line>
          </reporter-output>
        </test-method> <!-- tc003 -->
      </class> <!-- com.hrms.testscript.TC003 -->
    </test> <!-- Default test -->
  </suite> <!-- Default suite -->
</testng-results>
